0 info it worked if it ends with ok
1 verbose cli [ '/usr/local/bin/node', '/usr/local/bin/npm', 'run', 'dev' ]
2 info using npm@3.6.0
3 info using node@v5.6.0
4 verbose run-script [ 'predev', 'dev', 'postdev' ]
5 info lifecycle @mmorrissey/bot-starter-kit@0.0.1~predev: @mmorrissey/bot-starter-kit@0.0.1
6 silly lifecycle @mmorrissey/bot-starter-kit@0.0.1~predev: no script for predev, continuing
7 info lifecycle @mmorrissey/bot-starter-kit@0.0.1~dev: @mmorrissey/bot-starter-kit@0.0.1
8 verbose lifecycle @mmorrissey/bot-starter-kit@0.0.1~dev: unsafe-perm in lifecycle true
9 verbose lifecycle @mmorrissey/bot-starter-kit@0.0.1~dev: PATH: /usr/local/lib/node_modules/npm/bin/node-gyp-bin:/Users/Morrissey/code/dealbreaker/node_modules/.bin:/Users/Morrissey/.rbenv/shims:/Users/Morrissey/.rbenv/bin:/Users/Morrissey/.rbenv/shims:/usr/local/bin:/Users/Morrissey/.bin:/usr/sbin:.git/safe/../../bin:/Users/Morrissey/.bin:/usr/local/sbin:/usr/bin:/bin:/usr/sbin:/sbin:/usr/local/lib/node_modules:/Users/Morrissey/chromedriver
10 verbose lifecycle @mmorrissey/bot-starter-kit@0.0.1~dev: CWD: /Users/Morrissey/code/dealbreaker
11 silly lifecycle @mmorrissey/bot-starter-kit@0.0.1~dev: Args: [ '-c', 'nodemon bot/index.js --exec babel-node' ]
12 silly lifecycle @mmorrissey/bot-starter-kit@0.0.1~dev: Returned: code: 1  signal: null
13 info lifecycle @mmorrissey/bot-starter-kit@0.0.1~dev: Failed to exec dev script
14 verbose stack Error: @mmorrissey/bot-starter-kit@0.0.1 dev: `nodemon bot/index.js --exec babel-node`
14 verbose stack Exit status 1
14 verbose stack     at EventEmitter.<anonymous> (/usr/local/lib/node_modules/npm/lib/utils/lifecycle.js:232:16)
14 verbose stack     at emitTwo (events.js:100:13)
14 verbose stack     at EventEmitter.emit (events.js:185:7)
14 verbose stack     at ChildProcess.<anonymous> (/usr/local/lib/node_modules/npm/lib/utils/spawn.js:24:14)
14 verbose stack     at emitTwo (events.js:100:13)
14 verbose stack     at ChildProcess.emit (events.js:185:7)
14 verbose stack     at maybeClose (internal/child_process.js:827:16)
14 verbose stack     at Process.ChildProcess._handle.onexit (internal/child_process.js:211:5)
15 verbose pkgid @mmorrissey/bot-starter-kit@0.0.1
16 verbose cwd /Users/Morrissey/code/dealbreaker
17 error Darwin 15.0.0
18 error argv "/usr/local/bin/node" "/usr/local/bin/npm" "run" "dev"
19 error node v5.6.0
20 error npm  v3.6.0
21 error code ELIFECYCLE
22 error @mmorrissey/bot-starter-kit@0.0.1 dev: `nodemon bot/index.js --exec babel-node`
22 error Exit status 1
23 error Failed at the @mmorrissey/bot-starter-kit@0.0.1 dev script 'nodemon bot/index.js --exec babel-node'.
23 error Make sure you have the latest version of node.js and npm installed.
23 error If you do, this is most likely a problem with the @mmorrissey/bot-starter-kit package,
23 error not with npm itself.
23 error Tell the author that this fails on your system:
23 error     nodemon bot/index.js --exec babel-node
23 error You can get information on how to open an issue for this project with:
23 error     npm bugs @mmorrissey/bot-starter-kit
23 error Or if that isn't available, you can get their info via:
23 error     npm owner ls @mmorrissey/bot-starter-kit
23 error There is likely additional logging output above.
24 verbose exit [ 1, true ]
